[2026-06-18 11:29:29] WARNING Rent.1A > 200% excluido: MU (Micron Technology) — Rent.1A: +758.4%
[2026-06-18 11:29:29] WARNING Rent.1A > 200% excluido: AMD (Advanced Micro Devices) — Rent.1A: +304.2%
[2026-06-18 11:29:29] WARNING Rent.1A > 200% excluido: INTC (Intel) — Rent.1A: +463.5%
[2026-06-18 11:29:29] WARNING Rent.1A > 200% excluido: LRCX (Lam Research) — Rent.1A: +307.9%
[2026-06-18 11:29:29] WARNING Rent.1A > 200% excluido: AMAT (Applied Materials) — Rent.1A: +245.6%
[2026-06-18 11:32:23] WARNING Rent.1A > 200% excluido: MU (Micron Technology) — Rent.1A: +758.4%
[2026-06-18 11:32:23] WARNING Rent.1A > 200% excluido: AMD (Advanced Micro Devices) — Rent.1A: +304.2%
[2026-06-18 11:32:23] WARNING Rent.1A > 200% excluido: INTC (Intel) — Rent.1A: +463.5%
[2026-06-18 11:32:23] WARNING Rent.1A > 200% excluido: LRCX (Lam Research) — Rent.1A: +307.9%
[2026-06-18 11:32:23] WARNING Rent.1A > 200% excluido: AMAT (Applied Materials) — Rent.1A: +245.6%
[2026-06-18 11:35:36] WARNING Rent.1A > 200% excluido: MU (Micron Technology) — Rent.1A: +758.4%
[2026-06-18 11:35:36] WARNING Rent.1A > 200% excluido: AMD (Advanced Micro Devices) — Rent.1A: +304.2%
[2026-06-18 11:35:36] WARNING Rent.1A > 200% excluido: INTC (Intel) — Rent.1A: +463.5%
[2026-06-18 11:35:36] WARNING Rent.1A > 200% excluido: LRCX (Lam Research) — Rent.1A: +307.9%
[2026-06-18 11:35:36] WARNING Rent.1A > 200% excluido: AMAT (Applied Materials) — Rent.1A: +245.6%
[2026-06-18 11:48:22] WARNING Rent.1A > 200% excluido: MU (Micron Technology) — Rent.1A: +758.4%
[2026-06-18 11:48:22] WARNING Rent.1A > 200% excluido: AMD (Advanced Micro Devices) — Rent.1A: +304.2%
[2026-06-18 11:48:22] WARNING Rent.1A > 200% excluido: INTC (Intel) — Rent.1A: +463.5%
[2026-06-18 11:48:22] WARNING Rent.1A > 200% excluido: LRCX (Lam Research) — Rent.1A: +307.9%
[2026-06-18 11:48:22] WARNING Rent.1A > 200% excluido: AMAT (Applied Materials) — Rent.1A: +245.6%
[2026-06-18 11:53:36] WARNING Rent.1A > 200% excluido: MU (Micron Technology) — Rent.1A: +758.4%
[2026-06-18 11:53:36] WARNING Rent.1A > 200% excluido: AMD (Advanced Micro Devices) — Rent.1A: +304.2%
[2026-06-18 11:53:36] WARNING Rent.1A > 200% excluido: INTC (Intel) — Rent.1A: +463.5%
[2026-06-18 11:53:36] WARNING Rent.1A > 200% excluido: LRCX (Lam Research) — Rent.1A: +307.9%
[2026-06-18 11:53:36] WARNING Rent.1A > 200% excluido: AMAT (Applied Materials) — Rent.1A: +245.6%
